/usr/local/bin/munge_sumstats.py:745: DtypeWarning: Columns (4) have mixed types. Specify dtype option on import or set low_memory=False.
  munge_sumstats(parser.parse_args(), p=True)
/usr/local/bin/munge_sumstats.py:745: DtypeWarning: Columns (4) have mixed types. Specify dtype option on import or set low_memory=False.
  munge_sumstats(parser.parse_args(), p=True)
/usr/local/bin/munge_sumstats.py:745: DtypeWarning: Columns (9) have mixed types. Specify dtype option on import or set low_memory=False.
  munge_sumstats(parser.parse_args(), p=True)
Traceback (most recent call last):
  File "/usr/local/bin/munge_sumstats.py", line 745, in <module>
    munge_sumstats(parser.parse_args(), p=True)
  File "/usr/local/bin/munge_sumstats.py", line 686, in munge_sumstats
    dat = parse_dat(dat_gen, cname_translation, merge_alleles, log, args)
  File "/usr/local/bin/munge_sumstats.py", line 249, in parse_dat
    raise ValueError('Columns {} are expected to be numeric'.format(wrong_types))
ValueError: Columns ['N'] are expected to be numeric
/usr/local/bin/munge_sumstats.py:745: DtypeWarning: Columns (9) have mixed types. Specify dtype option on import or set low_memory=False.
  munge_sumstats(parser.parse_args(), p=True)
Traceback (most recent call last):
  File "/usr/local/bin/munge_sumstats.py", line 745, in <module>
    munge_sumstats(parser.parse_args(), p=True)
  File "/usr/local/bin/munge_sumstats.py", line 686, in munge_sumstats
    dat = parse_dat(dat_gen, cname_translation, merge_alleles, log, args)
  File "/usr/local/bin/munge_sumstats.py", line 249, in parse_dat
    raise ValueError('Columns {} are expected to be numeric'.format(wrong_types))
ValueError: Columns ['N'] are expected to be numeric
/usr/local/bin/munge_sumstats.py:745: DtypeWarning: Columns (9) have mixed types. Specify dtype option on import or set low_memory=False.
  munge_sumstats(parser.parse_args(), p=True)
Traceback (most recent call last):
  File "/usr/local/bin/munge_sumstats.py", line 745, in <module>
    munge_sumstats(parser.parse_args(), p=True)
  File "/usr/local/bin/munge_sumstats.py", line 686, in munge_sumstats
    dat = parse_dat(dat_gen, cname_translation, merge_alleles, log, args)
  File "/usr/local/bin/munge_sumstats.py", line 249, in parse_dat
    raise ValueError('Columns {} are expected to be numeric'.format(wrong_types))
ValueError: Columns ['N'] are expected to be numeric
/usr/local/bin/munge_sumstats.py:745: DtypeWarning: Columns (9) have mixed types. Specify dtype option on import or set low_memory=False.
  munge_sumstats(parser.parse_args(), p=True)
Traceback (most recent call last):
  File "/usr/local/bin/munge_sumstats.py", line 745, in <module>
    munge_sumstats(parser.parse_args(), p=True)
  File "/usr/local/bin/munge_sumstats.py", line 686, in munge_sumstats
    dat = parse_dat(dat_gen, cname_translation, merge_alleles, log, args)
  File "/usr/local/bin/munge_sumstats.py", line 249, in parse_dat
    raise ValueError('Columns {} are expected to be numeric'.format(wrong_types))
ValueError: Columns ['N'] are expected to be numeric
Traceback (most recent call last):
  File "/usr/local/bin/munge_sumstats.py", line 745, in <module>
    munge_sumstats(parser.parse_args(), p=True)
  File "/usr/local/bin/munge_sumstats.py", line 686, in munge_sumstats
    dat = parse_dat(dat_gen, cname_translation, merge_alleles, log, args)
  File "/usr/local/bin/munge_sumstats.py", line 249, in parse_dat
    raise ValueError('Columns {} are expected to be numeric'.format(wrong_types))
ValueError: Columns ['N'] are expected to be numeric
Traceback (most recent call last):
  File "/usr/local/bin/munge_sumstats.py", line 745, in <module>
    munge_sumstats(parser.parse_args(), p=True)
  File "/usr/local/bin/munge_sumstats.py", line 686, in munge_sumstats
    dat = parse_dat(dat_gen, cname_translation, merge_alleles, log, args)
  File "/usr/local/bin/munge_sumstats.py", line 249, in parse_dat
    raise ValueError('Columns {} are expected to be numeric'.format(wrong_types))
ValueError: Columns ['N'] are expected to be numeric
Traceback (most recent call last):
  File "/usr/local/bin/munge_sumstats.py", line 745, in <module>
    munge_sumstats(parser.parse_args(), p=True)
  File "/usr/local/bin/munge_sumstats.py", line 686, in munge_sumstats
    dat = parse_dat(dat_gen, cname_translation, merge_alleles, log, args)
  File "/usr/local/bin/munge_sumstats.py", line 249, in parse_dat
    raise ValueError('Columns {} are expected to be numeric'.format(wrong_types))
ValueError: Columns ['N'] are expected to be numeric
Traceback (most recent call last):
  File "/usr/local/bin/munge_sumstats.py", line 745, in <module>
    munge_sumstats(parser.parse_args(), p=True)
  File "/usr/local/bin/munge_sumstats.py", line 686, in munge_sumstats
    dat = parse_dat(dat_gen, cname_translation, merge_alleles, log, args)
  File "/usr/local/bin/munge_sumstats.py", line 249, in parse_dat
    raise ValueError('Columns {} are expected to be numeric'.format(wrong_types))
ValueError: Columns ['N'] are expected to be numeric
/usr/local/bin/munge_sumstats.py:745: DtypeWarning: Columns (4) have mixed types. Specify dtype option on import or set low_memory=False.
  munge_sumstats(parser.parse_args(), p=True)
/usr/local/bin/munge_sumstats.py:745: DtypeWarning: Columns (4) have mixed types. Specify dtype option on import or set low_memory=False.
  munge_sumstats(parser.parse_args(), p=True)
