*********************************************************************
* LD Score Regression (LDSC)
* Version 1.0.1
* (C) 2014-2019 Brendan Bulik-Sullivan and Hilary Finucane
* Broad Institute of MIT and Harvard / MIT Department of Mathematics
* GNU General Public License v3
*********************************************************************
Call: 
./munge_sumstats.py \
--signed-sumstats BETA,0 \
--out /home/lchang24/scratch/ldsc_munged/AD_wightman2021_normal \
--N 762917.0 \
--a1 A1 \
--a2 A2 \
--snp SNP \
--sumstats /home/lchang24/projects/def-gsarah/lchang24/github/nf-genetic-correlations_fork/nf-genetic-correlations/data/sumstats_original/AD_wightman2021_with_rsid.txt \
--p P 

Interpreting column names as follows:
N:	Sample size
A1:	Allele 1, interpreted as ref allele for signed sumstat.
P:	p-Value
BETA:	Directional summary statistic as specified by --signed-sumstats.
A2:	Allele 2, interpreted as non-ref allele for signed sumstat.
SNP:	Variant ID (e.g., rs number)

Reading sumstats from /home/lchang24/projects/def-gsarah/lchang24/github/nf-genetic-correlations_fork/nf-genetic-correlations/data/sumstats_original/AD_wightman2021_with_rsid.txt into memory 5000000 SNPs at a time.
...WARNING: 39 SNPs had P outside of (0,1]. The P column may be mislabeled.
 done
Read 12594656 SNPs from --sumstats file.
Removed 315251 SNPs with missing values.
Removed 0 SNPs with INFO <= 0.9.
Removed 0 SNPs with MAF <= 0.01.
Removed 39 SNPs with out-of-bounds p-values.
Removed 1893081 variants that were not SNPs or were strand-ambiguous.
10386285 SNPs remain.
Removed 0 SNPs with duplicated rs numbers (10386285 SNPs remain).
Removed 4076868 SNPs with N < 508276.666667 (6309417 SNPs remain).
Median value of SIGNED_SUMSTATS was 0.00937457734791, which seems sensible.
Writing summary statistics for 6309417 SNPs (6309417 with nonmissing beta) to /home/lchang24/scratch/ldsc_munged/AD_wightman2021_normal.sumstats.gz.

Metadata:
Mean chi^2 = 1.142
Lambda GC = 1.072
Max chi^2 = 1388.55
2089 Genome-wide significant SNPs (some may have been removed by filtering).

Conversion finished at Sun Oct  5 17:19:31 2025
Total time elapsed: 1.0m:58.33s
*********************************************************************
* LD Score Regression (LDSC)
* Version 1.0.1
* (C) 2014-2019 Brendan Bulik-Sullivan and Hilary Finucane
* Broad Institute of MIT and Harvard / MIT Department of Mathematics
* GNU General Public License v3
*********************************************************************
Call: 
./munge_sumstats.py \
--signed-sumstats BETA,0 \
--out /home/lchang24/scratch/ldsc_munged/AD_wightman2021_flipped \
--N 762917.0 \
--a1 A2 \
--a2 A1 \
--snp SNP \
--sumstats /home/lchang24/projects/def-gsarah/lchang24/github/nf-genetic-correlations_fork/nf-genetic-correlations/data/sumstats_original/AD_wightman2021_with_rsid.txt \
--p P 

Interpreting column names as follows:
N:	Sample size
A1:	Allele 2, interpreted as non-ref allele for signed sumstat.
P:	p-Value
BETA:	Directional summary statistic as specified by --signed-sumstats.
A2:	Allele 1, interpreted as ref allele for signed sumstat.
SNP:	Variant ID (e.g., rs number)

Reading sumstats from /home/lchang24/projects/def-gsarah/lchang24/github/nf-genetic-correlations_fork/nf-genetic-correlations/data/sumstats_original/AD_wightman2021_with_rsid.txt into memory 5000000 SNPs at a time.
...WARNING: 39 SNPs had P outside of (0,1]. The P column may be mislabeled.
 done
Read 12594656 SNPs from --sumstats file.
Removed 315251 SNPs with missing values.
Removed 0 SNPs with INFO <= 0.9.
Removed 0 SNPs with MAF <= 0.01.
Removed 39 SNPs with out-of-bounds p-values.
Removed 1893081 variants that were not SNPs or were strand-ambiguous.
10386285 SNPs remain.
Removed 0 SNPs with duplicated rs numbers (10386285 SNPs remain).
Removed 4076868 SNPs with N < 508276.666667 (6309417 SNPs remain).
Median value of SIGNED_SUMSTATS was 0.00937457734791, which seems sensible.
Writing summary statistics for 6309417 SNPs (6309417 with nonmissing beta) to /home/lchang24/scratch/ldsc_munged/AD_wightman2021_flipped.sumstats.gz.

Metadata:
Mean chi^2 = 1.142
Lambda GC = 1.072
Max chi^2 = 1388.55
2089 Genome-wide significant SNPs (some may have been removed by filtering).

Conversion finished at Sun Oct  5 17:21:31 2025
Total time elapsed: 1.0m:57.81s
*********************************************************************
* LD Score Regression (LDSC)
* Version 1.0.1
* (C) 2014-2019 Brendan Bulik-Sullivan and Hilary Finucane
* Broad Institute of MIT and Harvard / MIT Department of Mathematics
* GNU General Public License v3
*********************************************************************
Call: 
./munge_sumstats.py \
--signed-sumstats BETA,0 \
--out /home/lchang24/scratch/ldsc_munged/PD_sexcombined_meta_normal \
--N 214698.0 \
--a1 A1 \
--a2 A2 \
--snp SNP \
--sumstats /home/lchang24/projects/def-gsarah/sumstats/kidney_neurodegen/processed_sumstats/PD_sexcombined_meta.tsv \
--p P 

Interpreting column names as follows:
N:	Sample size
A1:	Allele 1, interpreted as ref allele for signed sumstat.
P:	p-Value
BETA:	Directional summary statistic as specified by --signed-sumstats.
A2:	Allele 2, interpreted as non-ref allele for signed sumstat.
SNP:	Variant ID (e.g., rs number)
MAF:	Allele frequency

Reading sumstats from /home/lchang24/projects/def-gsarah/sumstats/kidney_neurodegen/processed_sumstats/PD_sexcombined_meta.tsv into memory 5000000 SNPs at a time.
.. done
Read 7183616 SNPs from --sumstats file.
Removed 0 SNPs with missing values.
Removed 0 SNPs with INFO <= 0.9.
Removed 67018 SNPs with MAF <= 0.01.
Removed 0 SNPs with out-of-bounds p-values.
Removed 1085786 variants that were not SNPs or were strand-ambiguous.
6030812 SNPs remain.
Removed 0 SNPs with duplicated rs numbers (6030812 SNPs remain).
Removed 0 SNPs with N < 143132.0 (6030812 SNPs remain).
Median value of SIGNED_SUMSTATS was 0.0, which seems sensible.
Writing summary statistics for 6030812 SNPs (6030812 with nonmissing beta) to /home/lchang24/scratch/ldsc_munged/PD_sexcombined_meta_normal.sumstats.gz.

Metadata:
Mean chi^2 = 1.196
Lambda GC = 1.047
Max chi^2 = 291.439
4245 Genome-wide significant SNPs (some may have been removed by filtering).

Conversion finished at Sun Oct  5 17:23:07 2025
Total time elapsed: 1.0m:35.26s
*********************************************************************
* LD Score Regression (LDSC)
* Version 1.0.1
* (C) 2014-2019 Brendan Bulik-Sullivan and Hilary Finucane
* Broad Institute of MIT and Harvard / MIT Department of Mathematics
* GNU General Public License v3
*********************************************************************
Call: 
./munge_sumstats.py \
--signed-sumstats BETA,0 \
--out /home/lchang24/scratch/ldsc_munged/PD_sexcombined_meta_flipped \
--N 214698.0 \
--a1 A2 \
--a2 A1 \
--snp SNP \
--sumstats /home/lchang24/projects/def-gsarah/sumstats/kidney_neurodegen/processed_sumstats/PD_sexcombined_meta.tsv \
--p P 

Interpreting column names as follows:
N:	Sample size
A1:	Allele 2, interpreted as non-ref allele for signed sumstat.
P:	p-Value
BETA:	Directional summary statistic as specified by --signed-sumstats.
A2:	Allele 1, interpreted as ref allele for signed sumstat.
SNP:	Variant ID (e.g., rs number)
MAF:	Allele frequency

Reading sumstats from /home/lchang24/projects/def-gsarah/sumstats/kidney_neurodegen/processed_sumstats/PD_sexcombined_meta.tsv into memory 5000000 SNPs at a time.
.. done
Read 7183616 SNPs from --sumstats file.
Removed 0 SNPs with missing values.
Removed 0 SNPs with INFO <= 0.9.
Removed 67018 SNPs with MAF <= 0.01.
Removed 0 SNPs with out-of-bounds p-values.
Removed 1085786 variants that were not SNPs or were strand-ambiguous.
6030812 SNPs remain.
Removed 0 SNPs with duplicated rs numbers (6030812 SNPs remain).
Removed 0 SNPs with N < 143132.0 (6030812 SNPs remain).
Median value of SIGNED_SUMSTATS was 0.0, which seems sensible.
Writing summary statistics for 6030812 SNPs (6030812 with nonmissing beta) to /home/lchang24/scratch/ldsc_munged/PD_sexcombined_meta_flipped.sumstats.gz.

Metadata:
Mean chi^2 = 1.196
Lambda GC = 1.047
Max chi^2 = 291.439
4245 Genome-wide significant SNPs (some may have been removed by filtering).

Conversion finished at Sun Oct  5 17:24:44 2025
Total time elapsed: 1.0m:35.42s
*********************************************************************
* LD Score Regression (LDSC)
* Version 1.0.1
* (C) 2014-2019 Brendan Bulik-Sullivan and Hilary Finucane
* Broad Institute of MIT and Harvard / MIT Department of Mathematics
* GNU General Public License v3
*********************************************************************
Call: 
./munge_sumstats.py \
--signed-sumstats BETA,0 \
--out /home/lchang24/scratch/ldsc_munged/NP_PD_sexcombined_meta_normal \
--N 201289.0 \
--a1 A1 \
--a2 A2 \
--snp SNP \
--sumstats /home/lchang24/projects/def-gsarah/sumstats/kidney_neurodegen/processed_sumstats/NP_PD_sexcombined_meta.tsv \
--p P 

Interpreting column names as follows:
N:	Sample size
A1:	Allele 1, interpreted as ref allele for signed sumstat.
P:	p-Value
BETA:	Directional summary statistic as specified by --signed-sumstats.
A2:	Allele 2, interpreted as non-ref allele for signed sumstat.
SNP:	Variant ID (e.g., rs number)
MAF:	Allele frequency

Reading sumstats from /home/lchang24/projects/def-gsarah/sumstats/kidney_neurodegen/processed_sumstats/NP_PD_sexcombined_meta.tsv into memory 5000000 SNPs at a time.
.. done
Read 7122666 SNPs from --sumstats file.
Removed 0 SNPs with missing values.
Removed 0 SNPs with INFO <= 0.9.
Removed 68666 SNPs with MAF <= 0.01.
Removed 0 SNPs with out-of-bounds p-values.
Removed 1076469 variants that were not SNPs or were strand-ambiguous.
5977531 SNPs remain.
Removed 0 SNPs with duplicated rs numbers (5977531 SNPs remain).
Removed 0 SNPs with N < 134192.666667 (5977531 SNPs remain).
Median value of SIGNED_SUMSTATS was 0.0, which seems sensible.
Writing summary statistics for 5977531 SNPs (5977531 with nonmissing beta) to /home/lchang24/scratch/ldsc_munged/NP_PD_sexcombined_meta_normal.sumstats.gz.

Metadata:
Mean chi^2 = 1.178
Lambda GC = 1.039
Max chi^2 = 291.08
4173 Genome-wide significant SNPs (some may have been removed by filtering).

Conversion finished at Sun Oct  5 17:26:19 2025
Total time elapsed: 1.0m:34.33s
*********************************************************************
* LD Score Regression (LDSC)
* Version 1.0.1
* (C) 2014-2019 Brendan Bulik-Sullivan and Hilary Finucane
* Broad Institute of MIT and Harvard / MIT Department of Mathematics
* GNU General Public License v3
*********************************************************************
Call: 
./munge_sumstats.py \
--signed-sumstats BETA,0 \
--out /home/lchang24/scratch/ldsc_munged/NP_PD_sexcombined_meta_flipped \
--N 201289.0 \
--a1 A2 \
--a2 A1 \
--snp SNP \
--sumstats /home/lchang24/projects/def-gsarah/sumstats/kidney_neurodegen/processed_sumstats/NP_PD_sexcombined_meta.tsv \
--p P 

Interpreting column names as follows:
N:	Sample size
A1:	Allele 2, interpreted as non-ref allele for signed sumstat.
P:	p-Value
BETA:	Directional summary statistic as specified by --signed-sumstats.
A2:	Allele 1, interpreted as ref allele for signed sumstat.
SNP:	Variant ID (e.g., rs number)
MAF:	Allele frequency

Reading sumstats from /home/lchang24/projects/def-gsarah/sumstats/kidney_neurodegen/processed_sumstats/NP_PD_sexcombined_meta.tsv into memory 5000000 SNPs at a time.
.. done
Read 7122666 SNPs from --sumstats file.
Removed 0 SNPs with missing values.
Removed 0 SNPs with INFO <= 0.9.
Removed 68666 SNPs with MAF <= 0.01.
Removed 0 SNPs with out-of-bounds p-values.
Removed 1076469 variants that were not SNPs or were strand-ambiguous.
5977531 SNPs remain.
Removed 0 SNPs with duplicated rs numbers (5977531 SNPs remain).
Removed 0 SNPs with N < 134192.666667 (5977531 SNPs remain).
Median value of SIGNED_SUMSTATS was 0.0, which seems sensible.
Writing summary statistics for 5977531 SNPs (5977531 with nonmissing beta) to /home/lchang24/scratch/ldsc_munged/NP_PD_sexcombined_meta_flipped.sumstats.gz.

Metadata:
Mean chi^2 = 1.178
Lambda GC = 1.039
Max chi^2 = 291.08
4173 Genome-wide significant SNPs (some may have been removed by filtering).

Conversion finished at Sun Oct  5 17:27:55 2025
Total time elapsed: 1.0m:34.92s
*********************************************************************
* LD Score Regression (LDSC)
* Version 1.0.1
* (C) 2014-2019 Brendan Bulik-Sullivan and Hilary Finucane
* Broad Institute of MIT and Harvard / MIT Department of Mathematics
* GNU General Public License v3
*********************************************************************
Call: 
./munge_sumstats.py \
--signed-sumstats BETA,0 \
--out /home/lchang24/scratch/ldsc_munged/PD_sexcomb_normal \
--N 467813.0 \
--a1 A1 \
--a2 A2 \
--snp SNP \
--sumstats /home/lchang24/projects/def-gsarah/sumstats/kidney_neurodegen/processed_sumstats/PD_sexcomb.tsv \
--p P 

Interpreting column names as follows:
N:	Sample size
A1:	Allele 1, interpreted as ref allele for signed sumstat.
P:	p-Value
BETA:	Directional summary statistic as specified by --signed-sumstats.
A2:	Allele 2, interpreted as non-ref allele for signed sumstat.
SNP:	Variant ID (e.g., rs number)
MAF:	Allele frequency

Reading sumstats from /home/lchang24/projects/def-gsarah/sumstats/kidney_neurodegen/processed_sumstats/PD_sexcomb.tsv into memory 5000000 SNPs at a time.
.. done
Read 7279071 SNPs from --sumstats file.
Removed 31795 SNPs with missing values.
Removed 0 SNPs with INFO <= 0.9.
Removed 891 SNPs with MAF <= 0.01.
Removed 0 SNPs with out-of-bounds p-values.
Removed 1094720 variants that were not SNPs or were strand-ambiguous.
6151665 SNPs remain.
Removed 0 SNPs with duplicated rs numbers (6151665 SNPs remain).
Removed 0 SNPs with N < 321820.0 (6151665 SNPs remain).
Median value of SIGNED_SUMSTATS was 0.0, which seems sensible.
Writing summary statistics for 6151665 SNPs (6151665 with nonmissing beta) to /home/lchang24/scratch/ldsc_munged/PD_sexcomb_normal.sumstats.gz.

Metadata:
Mean chi^2 = 1.134
Lambda GC = 1.073
Max chi^2 = 180.949
2746 Genome-wide significant SNPs (some may have been removed by filtering).

Conversion finished at Sun Oct  5 17:29:35 2025
Total time elapsed: 1.0m:38.55s
*********************************************************************
* LD Score Regression (LDSC)
* Version 1.0.1
* (C) 2014-2019 Brendan Bulik-Sullivan and Hilary Finucane
* Broad Institute of MIT and Harvard / MIT Department of Mathematics
* GNU General Public License v3
*********************************************************************
Call: 
./munge_sumstats.py \
--signed-sumstats BETA,0 \
--out /home/lchang24/scratch/ldsc_munged/PD_sexcomb_flipped \
--N 467813.0 \
--a1 A2 \
--a2 A1 \
--snp SNP \
--sumstats /home/lchang24/projects/def-gsarah/sumstats/kidney_neurodegen/processed_sumstats/PD_sexcomb.tsv \
--p P 

Interpreting column names as follows:
N:	Sample size
A1:	Allele 2, interpreted as non-ref allele for signed sumstat.
P:	p-Value
BETA:	Directional summary statistic as specified by --signed-sumstats.
A2:	Allele 1, interpreted as ref allele for signed sumstat.
SNP:	Variant ID (e.g., rs number)
MAF:	Allele frequency

Reading sumstats from /home/lchang24/projects/def-gsarah/sumstats/kidney_neurodegen/processed_sumstats/PD_sexcomb.tsv into memory 5000000 SNPs at a time.
.. done
Read 7279071 SNPs from --sumstats file.
Removed 31795 SNPs with missing values.
Removed 0 SNPs with INFO <= 0.9.
Removed 891 SNPs with MAF <= 0.01.
Removed 0 SNPs with out-of-bounds p-values.
Removed 1094720 variants that were not SNPs or were strand-ambiguous.
6151665 SNPs remain.
Removed 0 SNPs with duplicated rs numbers (6151665 SNPs remain).
Removed 0 SNPs with N < 321820.0 (6151665 SNPs remain).
Median value of SIGNED_SUMSTATS was 0.0, which seems sensible.
Writing summary statistics for 6151665 SNPs (6151665 with nonmissing beta) to /home/lchang24/scratch/ldsc_munged/PD_sexcomb_flipped.sumstats.gz.

Metadata:
Mean chi^2 = 1.134
Lambda GC = 1.073
Max chi^2 = 180.949
2746 Genome-wide significant SNPs (some may have been removed by filtering).

Conversion finished at Sun Oct  5 17:31:15 2025
Total time elapsed: 1.0m:38.95s
*********************************************************************
* LD Score Regression (LDSC)
* Version 1.0.1
* (C) 2014-2019 Brendan Bulik-Sullivan and Hilary Finucane
* Broad Institute of MIT and Harvard / MIT Department of Mathematics
* GNU General Public License v3
*********************************************************************
Call: 
./munge_sumstats.py \
--signed-sumstats BETA,0 \
--out /home/lchang24/scratch/ldsc_munged/PD_females_normal \
--N 104082.0 \
--a1 A1 \
--a2 A2 \
--snp SNP \
--sumstats /home/lchang24/projects/def-gsarah/sumstats/kidney_neurodegen/PD_females.lava.gz \
--p P 

Interpreting column names as follows:
N:	Sample size
A1:	Allele 1, interpreted as ref allele for signed sumstat.
P:	p-Value
BETA:	Directional summary statistic as specified by --signed-sumstats.
A2:	Allele 2, interpreted as non-ref allele for signed sumstat.
SNP:	Variant ID (e.g., rs number)

Reading sumstats from /home/lchang24/projects/def-gsarah/sumstats/kidney_neurodegen/PD_females.lava.gz into memory 5000000 SNPs at a time.
.
ERROR converting summary statistics:

Traceback (most recent call last):
  File "/usr/local/bin/munge_sumstats.py", line 686, in munge_sumstats
    dat = parse_dat(dat_gen, cname_translation, merge_alleles, log, args)
  File "/usr/local/bin/munge_sumstats.py", line 249, in parse_dat
    raise ValueError('Columns {} are expected to be numeric'.format(wrong_types))
ValueError: Columns ['N'] are expected to be numeric


Conversion finished at Sun Oct  5 17:31:23 2025
Total time elapsed: 6.49s
*********************************************************************
* LD Score Regression (LDSC)
* Version 1.0.1
* (C) 2014-2019 Brendan Bulik-Sullivan and Hilary Finucane
* Broad Institute of MIT and Harvard / MIT Department of Mathematics
* GNU General Public License v3
*********************************************************************
Call: 
./munge_sumstats.py \
--signed-sumstats BETA,0 \
--out /home/lchang24/scratch/ldsc_munged/PD_females_flipped \
--N 104082.0 \
--a1 A2 \
--a2 A1 \
--snp SNP \
--sumstats /home/lchang24/projects/def-gsarah/sumstats/kidney_neurodegen/PD_females.lava.gz \
--p P 

Interpreting column names as follows:
N:	Sample size
A1:	Allele 2, interpreted as non-ref allele for signed sumstat.
P:	p-Value
BETA:	Directional summary statistic as specified by --signed-sumstats.
A2:	Allele 1, interpreted as ref allele for signed sumstat.
SNP:	Variant ID (e.g., rs number)

Reading sumstats from /home/lchang24/projects/def-gsarah/sumstats/kidney_neurodegen/PD_females.lava.gz into memory 5000000 SNPs at a time.
.
ERROR converting summary statistics:

Traceback (most recent call last):
  File "/usr/local/bin/munge_sumstats.py", line 686, in munge_sumstats
    dat = parse_dat(dat_gen, cname_translation, merge_alleles, log, args)
  File "/usr/local/bin/munge_sumstats.py", line 249, in parse_dat
    raise ValueError('Columns {} are expected to be numeric'.format(wrong_types))
ValueError: Columns ['N'] are expected to be numeric


Conversion finished at Sun Oct  5 17:31:30 2025
Total time elapsed: 5.96s
*********************************************************************
* LD Score Regression (LDSC)
* Version 1.0.1
* (C) 2014-2019 Brendan Bulik-Sullivan and Hilary Finucane
* Broad Institute of MIT and Harvard / MIT Department of Mathematics
* GNU General Public License v3
*********************************************************************
Call: 
./munge_sumstats.py \
--signed-sumstats BETA,0 \
--out /home/lchang24/scratch/ldsc_munged/PD_males_normal \
--N 110616.0 \
--a1 A1 \
--a2 A2 \
--snp SNP \
--sumstats /home/lchang24/projects/def-gsarah/sumstats/kidney_neurodegen/PD_males.lava.gz \
--p P 

Interpreting column names as follows:
N:	Sample size
A1:	Allele 1, interpreted as ref allele for signed sumstat.
P:	p-Value
BETA:	Directional summary statistic as specified by --signed-sumstats.
A2:	Allele 2, interpreted as non-ref allele for signed sumstat.
SNP:	Variant ID (e.g., rs number)

Reading sumstats from /home/lchang24/projects/def-gsarah/sumstats/kidney_neurodegen/PD_males.lava.gz into memory 5000000 SNPs at a time.
.
ERROR converting summary statistics:

Traceback (most recent call last):
  File "/usr/local/bin/munge_sumstats.py", line 686, in munge_sumstats
    dat = parse_dat(dat_gen, cname_translation, merge_alleles, log, args)
  File "/usr/local/bin/munge_sumstats.py", line 249, in parse_dat
    raise ValueError('Columns {} are expected to be numeric'.format(wrong_types))
ValueError: Columns ['N'] are expected to be numeric


Conversion finished at Sun Oct  5 17:31:38 2025
Total time elapsed: 6.41s
*********************************************************************
* LD Score Regression (LDSC)
* Version 1.0.1
* (C) 2014-2019 Brendan Bulik-Sullivan and Hilary Finucane
* Broad Institute of MIT and Harvard / MIT Department of Mathematics
* GNU General Public License v3
*********************************************************************
Call: 
./munge_sumstats.py \
--signed-sumstats BETA,0 \
--out /home/lchang24/scratch/ldsc_munged/PD_males_flipped \
--N 110616.0 \
--a1 A2 \
--a2 A1 \
--snp SNP \
--sumstats /home/lchang24/projects/def-gsarah/sumstats/kidney_neurodegen/PD_males.lava.gz \
--p P 

Interpreting column names as follows:
N:	Sample size
A1:	Allele 2, interpreted as non-ref allele for signed sumstat.
P:	p-Value
BETA:	Directional summary statistic as specified by --signed-sumstats.
A2:	Allele 1, interpreted as ref allele for signed sumstat.
SNP:	Variant ID (e.g., rs number)

Reading sumstats from /home/lchang24/projects/def-gsarah/sumstats/kidney_neurodegen/PD_males.lava.gz into memory 5000000 SNPs at a time.
.
ERROR converting summary statistics:

Traceback (most recent call last):
  File "/usr/local/bin/munge_sumstats.py", line 686, in munge_sumstats
    dat = parse_dat(dat_gen, cname_translation, merge_alleles, log, args)
  File "/usr/local/bin/munge_sumstats.py", line 249, in parse_dat
    raise ValueError('Columns {} are expected to be numeric'.format(wrong_types))
ValueError: Columns ['N'] are expected to be numeric


Conversion finished at Sun Oct  5 17:31:45 2025
Total time elapsed: 5.92s
*********************************************************************
* LD Score Regression (LDSC)
* Version 1.0.1
* (C) 2014-2019 Brendan Bulik-Sullivan and Hilary Finucane
* Broad Institute of MIT and Harvard / MIT Department of Mathematics
* GNU General Public License v3
*********************************************************************
Call: 
./munge_sumstats.py \
--signed-sumstats BETA,0 \
--out /home/lchang24/scratch/ldsc_munged/PDnp_females_normal \
--N 19773.0 \
--a1 A1 \
--a2 A2 \
--snp SNP \
--sumstats /home/lchang24/projects/def-gsarah/sumstats/kidney_neurodegen/PDnp_females.lava.gz \
--p P 

Interpreting column names as follows:
N:	Sample size
A1:	Allele 1, interpreted as ref allele for signed sumstat.
P:	p-Value
BETA:	Directional summary statistic as specified by --signed-sumstats.
A2:	Allele 2, interpreted as non-ref allele for signed sumstat.
SNP:	Variant ID (e.g., rs number)

Reading sumstats from /home/lchang24/projects/def-gsarah/sumstats/kidney_neurodegen/PDnp_females.lava.gz into memory 5000000 SNPs at a time.
.
ERROR converting summary statistics:

Traceback (most recent call last):
  File "/usr/local/bin/munge_sumstats.py", line 686, in munge_sumstats
    dat = parse_dat(dat_gen, cname_translation, merge_alleles, log, args)
  File "/usr/local/bin/munge_sumstats.py", line 249, in parse_dat
    raise ValueError('Columns {} are expected to be numeric'.format(wrong_types))
ValueError: Columns ['N'] are expected to be numeric


Conversion finished at Sun Oct  5 17:31:53 2025
Total time elapsed: 6.53s
*********************************************************************
* LD Score Regression (LDSC)
* Version 1.0.1
* (C) 2014-2019 Brendan Bulik-Sullivan and Hilary Finucane
* Broad Institute of MIT and Harvard / MIT Department of Mathematics
* GNU General Public License v3
*********************************************************************
Call: 
./munge_sumstats.py \
--signed-sumstats BETA,0 \
--out /home/lchang24/scratch/ldsc_munged/PDnp_females_flipped \
--N 19773.0 \
--a1 A2 \
--a2 A1 \
--snp SNP \
--sumstats /home/lchang24/projects/def-gsarah/sumstats/kidney_neurodegen/PDnp_females.lava.gz \
--p P 

Interpreting column names as follows:
N:	Sample size
A1:	Allele 2, interpreted as non-ref allele for signed sumstat.
P:	p-Value
BETA:	Directional summary statistic as specified by --signed-sumstats.
A2:	Allele 1, interpreted as ref allele for signed sumstat.
SNP:	Variant ID (e.g., rs number)

Reading sumstats from /home/lchang24/projects/def-gsarah/sumstats/kidney_neurodegen/PDnp_females.lava.gz into memory 5000000 SNPs at a time.
.
ERROR converting summary statistics:

Traceback (most recent call last):
  File "/usr/local/bin/munge_sumstats.py", line 686, in munge_sumstats
    dat = parse_dat(dat_gen, cname_translation, merge_alleles, log, args)
  File "/usr/local/bin/munge_sumstats.py", line 249, in parse_dat
    raise ValueError('Columns {} are expected to be numeric'.format(wrong_types))
ValueError: Columns ['N'] are expected to be numeric


Conversion finished at Sun Oct  5 17:32:00 2025
Total time elapsed: 5.87s
*********************************************************************
* LD Score Regression (LDSC)
* Version 1.0.1
* (C) 2014-2019 Brendan Bulik-Sullivan and Hilary Finucane
* Broad Institute of MIT and Harvard / MIT Department of Mathematics
* GNU General Public License v3
*********************************************************************
Call: 
./munge_sumstats.py \
--signed-sumstats BETA,0 \
--out /home/lchang24/scratch/ldsc_munged/PDnp_males_normal \
--N 24053.0 \
--a1 A1 \
--a2 A2 \
--snp SNP \
--sumstats /home/lchang24/projects/def-gsarah/sumstats/kidney_neurodegen/PDnp_males.lava.gz \
--p P 

Interpreting column names as follows:
N:	Sample size
A1:	Allele 1, interpreted as ref allele for signed sumstat.
P:	p-Value
BETA:	Directional summary statistic as specified by --signed-sumstats.
A2:	Allele 2, interpreted as non-ref allele for signed sumstat.
SNP:	Variant ID (e.g., rs number)

Reading sumstats from /home/lchang24/projects/def-gsarah/sumstats/kidney_neurodegen/PDnp_males.lava.gz into memory 5000000 SNPs at a time.
.
ERROR converting summary statistics:

Traceback (most recent call last):
  File "/usr/local/bin/munge_sumstats.py", line 686, in munge_sumstats
    dat = parse_dat(dat_gen, cname_translation, merge_alleles, log, args)
  File "/usr/local/bin/munge_sumstats.py", line 249, in parse_dat
    raise ValueError('Columns {} are expected to be numeric'.format(wrong_types))
ValueError: Columns ['N'] are expected to be numeric


Conversion finished at Sun Oct  5 17:32:07 2025
Total time elapsed: 6.4s
*********************************************************************
* LD Score Regression (LDSC)
* Version 1.0.1
* (C) 2014-2019 Brendan Bulik-Sullivan and Hilary Finucane
* Broad Institute of MIT and Harvard / MIT Department of Mathematics
* GNU General Public License v3
*********************************************************************
Call: 
./munge_sumstats.py \
--signed-sumstats BETA,0 \
--out /home/lchang24/scratch/ldsc_munged/PDnp_males_flipped \
--N 24053.0 \
--a1 A2 \
--a2 A1 \
--snp SNP \
--sumstats /home/lchang24/projects/def-gsarah/sumstats/kidney_neurodegen/PDnp_males.lava.gz \
--p P 

Interpreting column names as follows:
N:	Sample size
A1:	Allele 2, interpreted as non-ref allele for signed sumstat.
P:	p-Value
BETA:	Directional summary statistic as specified by --signed-sumstats.
A2:	Allele 1, interpreted as ref allele for signed sumstat.
SNP:	Variant ID (e.g., rs number)

Reading sumstats from /home/lchang24/projects/def-gsarah/sumstats/kidney_neurodegen/PDnp_males.lava.gz into memory 5000000 SNPs at a time.
.
ERROR converting summary statistics:

Traceback (most recent call last):
  File "/usr/local/bin/munge_sumstats.py", line 686, in munge_sumstats
    dat = parse_dat(dat_gen, cname_translation, merge_alleles, log, args)
  File "/usr/local/bin/munge_sumstats.py", line 249, in parse_dat
    raise ValueError('Columns {} are expected to be numeric'.format(wrong_types))
ValueError: Columns ['N'] are expected to be numeric


Conversion finished at Sun Oct  5 17:32:14 2025
Total time elapsed: 5.92s
*********************************************************************
* LD Score Regression (LDSC)
* Version 1.0.1
* (C) 2014-2019 Brendan Bulik-Sullivan and Hilary Finucane
* Broad Institute of MIT and Harvard / MIT Department of Mathematics
* GNU General Public License v3
*********************************************************************
Call: 
./munge_sumstats.py \
--signed-sumstats BETA,0 \
--out /home/lchang24/scratch/ldsc_munged/PD_nalls2019_normal \
--N 482730.0 \
--a1 A1 \
--a2 A2 \
--snp SNP \
--sumstats /home/lchang24/projects/def-gsarah/lchang24/github/nf-genetic-correlations_fork/nf-genetic-correlations/data/sumstats_original/PD_nalls2019_with_rsid.txt \
--p P 

Interpreting column names as follows:
N:	Sample size
A1:	Allele 1, interpreted as ref allele for signed sumstat.
P:	p-Value
BETA:	Directional summary statistic as specified by --signed-sumstats.
A2:	Allele 2, interpreted as non-ref allele for signed sumstat.
SNP:	Variant ID (e.g., rs number)

Reading sumstats from /home/lchang24/projects/def-gsarah/lchang24/github/nf-genetic-correlations_fork/nf-genetic-correlations/data/sumstats_original/PD_nalls2019_with_rsid.txt into memory 5000000 SNPs at a time.
.... done
Read 17490097 SNPs from --sumstats file.
Removed 576212 SNPs with missing values.
Removed 0 SNPs with INFO <= 0.9.
Removed 0 SNPs with MAF <= 0.01.
Removed 0 SNPs with out-of-bounds p-values.
Removed 2538259 variants that were not SNPs or were strand-ambiguous.
14375626 SNPs remain.
Removed 0 SNPs with duplicated rs numbers (14375626 SNPs remain).
Removed 8234109 SNPs with N < 321820.0 (6141517 SNPs remain).
Median value of SIGNED_SUMSTATS was 0.0, which seems sensible.
Writing summary statistics for 6141517 SNPs (6141517 with nonmissing beta) to /home/lchang24/scratch/ldsc_munged/PD_nalls2019_normal.sumstats.gz.

Metadata:
Mean chi^2 = 1.134
Lambda GC = 1.073
Max chi^2 = 180.949
2734 Genome-wide significant SNPs (some may have been removed by filtering).

Conversion finished at Sun Oct  5 17:34:15 2025
Total time elapsed: 2.0m:0.48s
*********************************************************************
* LD Score Regression (LDSC)
* Version 1.0.1
* (C) 2014-2019 Brendan Bulik-Sullivan and Hilary Finucane
* Broad Institute of MIT and Harvard / MIT Department of Mathematics
* GNU General Public License v3
*********************************************************************
Call: 
./munge_sumstats.py \
--signed-sumstats BETA,0 \
--out /home/lchang24/scratch/ldsc_munged/PD_nalls2019_flipped \
--N 482730.0 \
--a1 A2 \
--a2 A1 \
--snp SNP \
--sumstats /home/lchang24/projects/def-gsarah/lchang24/github/nf-genetic-correlations_fork/nf-genetic-correlations/data/sumstats_original/PD_nalls2019_with_rsid.txt \
--p P 

Interpreting column names as follows:
N:	Sample size
A1:	Allele 2, interpreted as non-ref allele for signed sumstat.
P:	p-Value
BETA:	Directional summary statistic as specified by --signed-sumstats.
A2:	Allele 1, interpreted as ref allele for signed sumstat.
SNP:	Variant ID (e.g., rs number)

Reading sumstats from /home/lchang24/projects/def-gsarah/lchang24/github/nf-genetic-correlations_fork/nf-genetic-correlations/data/sumstats_original/PD_nalls2019_with_rsid.txt into memory 5000000 SNPs at a time.
.... done
Read 17490097 SNPs from --sumstats file.
Removed 576212 SNPs with missing values.
Removed 0 SNPs with INFO <= 0.9.
Removed 0 SNPs with MAF <= 0.01.
Removed 0 SNPs with out-of-bounds p-values.
Removed 2538259 variants that were not SNPs or were strand-ambiguous.
14375626 SNPs remain.
Removed 0 SNPs with duplicated rs numbers (14375626 SNPs remain).
Removed 8234109 SNPs with N < 321820.0 (6141517 SNPs remain).
Median value of SIGNED_SUMSTATS was 0.0, which seems sensible.
Writing summary statistics for 6141517 SNPs (6141517 with nonmissing beta) to /home/lchang24/scratch/ldsc_munged/PD_nalls2019_flipped.sumstats.gz.

Metadata:
Mean chi^2 = 1.134
Lambda GC = 1.073
Max chi^2 = 180.949
2734 Genome-wide significant SNPs (some may have been removed by filtering).

Conversion finished at Sun Oct  5 17:36:14 2025
Total time elapsed: 1.0m:57.49s
*********************************************************************
* LD Score Regression (LDSC)
* Version 1.0.1
* (C) 2014-2019 Brendan Bulik-Sullivan and Hilary Finucane
* Broad Institute of MIT and Harvard / MIT Department of Mathematics
* GNU General Public License v3
*********************************************************************
Call: 
./munge_sumstats.py \
--signed-sumstats BETA,0 \
--out /home/lchang24/scratch/ldsc_munged/uacr_male_normal \
--N 63642.0 \
--a1 A1 \
--a2 A2 \
--snp SNP \
--sumstats /home/lchang24/projects/def-gsarah/lchang24/github/nf-genetic-correlations_fork/nf-genetic-correlations/data/sumstats_original/uacr_male.tsv \
--p P 

Interpreting column names as follows:
N:	Sample size
A1:	Allele 1, interpreted as ref allele for signed sumstat.
P:	p-Value
BETA:	Directional summary statistic as specified by --signed-sumstats.
A2:	Allele 2, interpreted as non-ref allele for signed sumstat.
SNP:	Variant ID (e.g., rs number)
MAF:	Allele frequency

Reading sumstats from /home/lchang24/projects/def-gsarah/lchang24/github/nf-genetic-correlations_fork/nf-genetic-correlations/data/sumstats_original/uacr_male.tsv into memory 5000000 SNPs at a time.
.......... done
Read 47051040 SNPs from --sumstats file.
Removed 0 SNPs with missing values.
Removed 0 SNPs with INFO <= 0.9.
Removed 37239047 SNPs with MAF <= 0.01.
Removed 0 SNPs with out-of-bounds p-values.
Removed 2516746 variants that were not SNPs or were strand-ambiguous.
7295247 SNPs remain.
Removed 2218 SNPs with duplicated rs numbers (7293029 SNPs remain).
Removed 0 SNPs with N < 42428.0 (7293029 SNPs remain).
Median value of SIGNED_SUMSTATS was -3.74029e-06, which seems sensible.
Writing summary statistics for 7293029 SNPs (7293029 with nonmissing beta) to /home/lchang24/scratch/ldsc_munged/uacr_male_normal.sumstats.gz.

Metadata:
Mean chi^2 = 1.099
Lambda GC = 1.083
Max chi^2 = 187.74
332 Genome-wide significant SNPs (some may have been removed by filtering).

Conversion finished at Sun Oct  5 17:39:16 2025
Total time elapsed: 3.0m:0.06s
*********************************************************************
* LD Score Regression (LDSC)
* Version 1.0.1
* (C) 2014-2019 Brendan Bulik-Sullivan and Hilary Finucane
* Broad Institute of MIT and Harvard / MIT Department of Mathematics
* GNU General Public License v3
*********************************************************************
Call: 
./munge_sumstats.py \
--signed-sumstats BETA,0 \
--out /home/lchang24/scratch/ldsc_munged/uacr_male_flipped \
--N 63642.0 \
--a1 A2 \
--a2 A1 \
--snp SNP \
--sumstats /home/lchang24/projects/def-gsarah/lchang24/github/nf-genetic-correlations_fork/nf-genetic-correlations/data/sumstats_original/uacr_male.tsv \
--p P 

Interpreting column names as follows:
N:	Sample size
A1:	Allele 2, interpreted as non-ref allele for signed sumstat.
P:	p-Value
BETA:	Directional summary statistic as specified by --signed-sumstats.
A2:	Allele 1, interpreted as ref allele for signed sumstat.
SNP:	Variant ID (e.g., rs number)
MAF:	Allele frequency

Reading sumstats from /home/lchang24/projects/def-gsarah/lchang24/github/nf-genetic-correlations_fork/nf-genetic-correlations/data/sumstats_original/uacr_male.tsv into memory 5000000 SNPs at a time.
.......... done
Read 47051040 SNPs from --sumstats file.
Removed 0 SNPs with missing values.
Removed 0 SNPs with INFO <= 0.9.
Removed 37239047 SNPs with MAF <= 0.01.
Removed 0 SNPs with out-of-bounds p-values.
Removed 2516746 variants that were not SNPs or were strand-ambiguous.
7295247 SNPs remain.
Removed 2218 SNPs with duplicated rs numbers (7293029 SNPs remain).
Removed 0 SNPs with N < 42428.0 (7293029 SNPs remain).
Median value of SIGNED_SUMSTATS was -3.74029e-06, which seems sensible.
Writing summary statistics for 7293029 SNPs (7293029 with nonmissing beta) to /home/lchang24/scratch/ldsc_munged/uacr_male_flipped.sumstats.gz.

Metadata:
Mean chi^2 = 1.099
Lambda GC = 1.083
Max chi^2 = 187.74
332 Genome-wide significant SNPs (some may have been removed by filtering).

Conversion finished at Sun Oct  5 17:42:20 2025
Total time elapsed: 3.0m:2.08s
*********************************************************************
* LD Score Regression (LDSC)
* Version 1.0.1
* (C) 2014-2019 Brendan Bulik-Sullivan and Hilary Finucane
* Broad Institute of MIT and Harvard / MIT Department of Mathematics
* GNU General Public License v3
*********************************************************************
Call: 
./munge_sumstats.py \
--signed-sumstats BETA,0 \
--out /home/lchang24/scratch/ldsc_munged/uacr_sex_combined_normal \
--N 122745.0 \
--a1 A1 \
--a2 A2 \
--snp SNP \
--sumstats /home/lchang24/projects/def-gsarah/lchang24/github/nf-genetic-correlations_fork/nf-genetic-correlations/data/sumstats_original/uacr_sex_combined.tsv \
--p P 

Interpreting column names as follows:
N:	Sample size
A1:	Allele 1, interpreted as ref allele for signed sumstat.
P:	p-Value
BETA:	Directional summary statistic as specified by --signed-sumstats.
A2:	Allele 2, interpreted as non-ref allele for signed sumstat.
SNP:	Variant ID (e.g., rs number)
MAF:	Allele frequency

Reading sumstats from /home/lchang24/projects/def-gsarah/lchang24/github/nf-genetic-correlations_fork/nf-genetic-correlations/data/sumstats_original/uacr_sex_combined.tsv into memory 5000000 SNPs at a time.
........... done
Read 53277451 SNPs from --sumstats file.
Removed 0 SNPs with missing values.
Removed 0 SNPs with INFO <= 0.9.
Removed 43465318 SNPs with MAF <= 0.01.
Removed 0 SNPs with out-of-bounds p-values.
Removed 2516848 variants that were not SNPs or were strand-ambiguous.
7295285 SNPs remain.
Removed 2223 SNPs with duplicated rs numbers (7293062 SNPs remain).
Removed 0 SNPs with N < 81830.0 (7293062 SNPs remain).
Median value of SIGNED_SUMSTATS was 7.09546e-06, which seems sensible.
Writing summary statistics for 7293062 SNPs (7293062 with nonmissing beta) to /home/lchang24/scratch/ldsc_munged/uacr_sex_combined_normal.sumstats.gz.

Metadata:
Mean chi^2 = 1.147
Lambda GC = 1.121
Max chi^2 = 278.656
305 Genome-wide significant SNPs (some may have been removed by filtering).

Conversion finished at Sun Oct  5 17:45:31 2025
Total time elapsed: 3.0m:9.31s
*********************************************************************
* LD Score Regression (LDSC)
* Version 1.0.1
* (C) 2014-2019 Brendan Bulik-Sullivan and Hilary Finucane
* Broad Institute of MIT and Harvard / MIT Department of Mathematics
* GNU General Public License v3
*********************************************************************
Call: 
./munge_sumstats.py \
--signed-sumstats BETA,0 \
--out /home/lchang24/scratch/ldsc_munged/uacr_sex_combined_flipped \
--N 122745.0 \
--a1 A2 \
--a2 A1 \
--snp SNP \
--sumstats /home/lchang24/projects/def-gsarah/lchang24/github/nf-genetic-correlations_fork/nf-genetic-correlations/data/sumstats_original/uacr_sex_combined.tsv \
--p P 

Interpreting column names as follows:
N:	Sample size
A1:	Allele 2, interpreted as non-ref allele for signed sumstat.
P:	p-Value
BETA:	Directional summary statistic as specified by --signed-sumstats.
A2:	Allele 1, interpreted as ref allele for signed sumstat.
SNP:	Variant ID (e.g., rs number)
MAF:	Allele frequency

Reading sumstats from /home/lchang24/projects/def-gsarah/lchang24/github/nf-genetic-correlations_fork/nf-genetic-correlations/data/sumstats_original/uacr_sex_combined.tsv into memory 5000000 SNPs at a time.
........... done
Read 53277451 SNPs from --sumstats file.
Removed 0 SNPs with missing values.
Removed 0 SNPs with INFO <= 0.9.
Removed 43465318 SNPs with MAF <= 0.01.
Removed 0 SNPs with out-of-bounds p-values.
Removed 2516848 variants that were not SNPs or were strand-ambiguous.
7295285 SNPs remain.
Removed 2223 SNPs with duplicated rs numbers (7293062 SNPs remain).
Removed 0 SNPs with N < 81830.0 (7293062 SNPs remain).
Median value of SIGNED_SUMSTATS was 7.09546e-06, which seems sensible.
Writing summary statistics for 7293062 SNPs (7293062 with nonmissing beta) to /home/lchang24/scratch/ldsc_munged/uacr_sex_combined_flipped.sumstats.gz.

Metadata:
Mean chi^2 = 1.147
Lambda GC = 1.121
Max chi^2 = 278.656
305 Genome-wide significant SNPs (some may have been removed by filtering).

Conversion finished at Sun Oct  5 17:48:40 2025
Total time elapsed: 3.0m:7.3s
*********************************************************************
* LD Score Regression (LDSC)
* Version 1.0.1
* (C) 2014-2019 Brendan Bulik-Sullivan and Hilary Finucane
* Broad Institute of MIT and Harvard / MIT Department of Mathematics
* GNU General Public License v3
*********************************************************************
Call: 
./munge_sumstats.py \
--signed-sumstats BETA,0 \
--out /home/lchang24/scratch/ldsc_munged/uacr_female_normal \
--N 59103.0 \
--a1 A1 \
--a2 A2 \
--snp SNP \
--sumstats /home/lchang24/projects/def-gsarah/lchang24/github/nf-genetic-correlations_fork/nf-genetic-correlations/data/sumstats_original/uacr_female.tsv \
--p P 

Interpreting column names as follows:
N:	Sample size
A1:	Allele 1, interpreted as ref allele for signed sumstat.
P:	p-Value
BETA:	Directional summary statistic as specified by --signed-sumstats.
A2:	Allele 2, interpreted as non-ref allele for signed sumstat.
SNP:	Variant ID (e.g., rs number)
MAF:	Allele frequency

Reading sumstats from /home/lchang24/projects/def-gsarah/lchang24/github/nf-genetic-correlations_fork/nf-genetic-correlations/data/sumstats_original/uacr_female.tsv into memory 5000000 SNPs at a time.
.......... done
Read 46322996 SNPs from --sumstats file.
Removed 0 SNPs with missing values.
Removed 0 SNPs with INFO <= 0.9.
Removed 36509806 SNPs with MAF <= 0.01.
Removed 0 SNPs with out-of-bounds p-values.
Removed 2517076 variants that were not SNPs or were strand-ambiguous.
7296114 SNPs remain.
Removed 2214 SNPs with duplicated rs numbers (7293900 SNPs remain).
Removed 0 SNPs with N < 39402.0 (7293900 SNPs remain).
Median value of SIGNED_SUMSTATS was 3.6236e-06, which seems sensible.
Writing summary statistics for 7293900 SNPs (7293900 with nonmissing beta) to /home/lchang24/scratch/ldsc_munged/uacr_female_normal.sumstats.gz.

Metadata:
Mean chi^2 = 1.067
Lambda GC = 1.056
Max chi^2 = 84.689
63 Genome-wide significant SNPs (some may have been removed by filtering).

Conversion finished at Sun Oct  5 17:51:38 2025
Total time elapsed: 2.0m:57.24s
*********************************************************************
* LD Score Regression (LDSC)
* Version 1.0.1
* (C) 2014-2019 Brendan Bulik-Sullivan and Hilary Finucane
* Broad Institute of MIT and Harvard / MIT Department of Mathematics
* GNU General Public License v3
*********************************************************************
Call: 
./munge_sumstats.py \
--signed-sumstats BETA,0 \
--out /home/lchang24/scratch/ldsc_munged/uacr_female_flipped \
--N 59103.0 \
--a1 A2 \
--a2 A1 \
--snp SNP \
--sumstats /home/lchang24/projects/def-gsarah/lchang24/github/nf-genetic-correlations_fork/nf-genetic-correlations/data/sumstats_original/uacr_female.tsv \
--p P 

Interpreting column names as follows:
N:	Sample size
A1:	Allele 2, interpreted as non-ref allele for signed sumstat.
P:	p-Value
BETA:	Directional summary statistic as specified by --signed-sumstats.
A2:	Allele 1, interpreted as ref allele for signed sumstat.
SNP:	Variant ID (e.g., rs number)
MAF:	Allele frequency

Reading sumstats from /home/lchang24/projects/def-gsarah/lchang24/github/nf-genetic-correlations_fork/nf-genetic-correlations/data/sumstats_original/uacr_female.tsv into memory 5000000 SNPs at a time.
.......... done
Read 46322996 SNPs from --sumstats file.
Removed 0 SNPs with missing values.
Removed 0 SNPs with INFO <= 0.9.
Removed 36509806 SNPs with MAF <= 0.01.
Removed 0 SNPs with out-of-bounds p-values.
Removed 2517076 variants that were not SNPs or were strand-ambiguous.
7296114 SNPs remain.
Removed 2214 SNPs with duplicated rs numbers (7293900 SNPs remain).
Removed 0 SNPs with N < 39402.0 (7293900 SNPs remain).
Median value of SIGNED_SUMSTATS was 3.6236e-06, which seems sensible.
Writing summary statistics for 7293900 SNPs (7293900 with nonmissing beta) to /home/lchang24/scratch/ldsc_munged/uacr_female_flipped.sumstats.gz.

Metadata:
Mean chi^2 = 1.067
Lambda GC = 1.056
Max chi^2 = 84.689
63 Genome-wide significant SNPs (some may have been removed by filtering).

Conversion finished at Sun Oct  5 17:54:37 2025
Total time elapsed: 2.0m:57.41s
All munge_sumstats.py commands completed!
Each trait has been processed in both normal and flipped A1/A2 orientations
Output files are in: /home/lchang24/scratch/ldsc_munged
