==========================================
Job started at: Fri 10 Oct 2025 04:40:26 PM EDT
Job ID: 50814524
Node: nc30513
==========================================

Starting munge with --merge-alleles at: Fri 10 Oct 2025 04:40:27 PM EDT
Input: /home/lchang24/scratch/test_merge_diagnosis/PDnp_females.lava.filtered.gz
Reference: /home/lchang24/projects/def-gsarah/lchang24/github/nf-genetic-correlations_fork/nf-genetic-correlations/data/ld_reference/w_hm3.snplist
Sample size: 19773

Running munge_sumstats...
*********************************************************************
* LD Score Regression (LDSC)
* Version 1.0.1
* (C) 2014-2019 Brendan Bulik-Sullivan and Hilary Finucane
* Broad Institute of MIT and Harvard / MIT Department of Mathematics
* GNU General Public License v3
*********************************************************************
Call: 
./munge_sumstats.py \
--signed-sumstats BETA,0 \
--out /home/lchang24/scratch/test_merge_diagnosis/PDnp_females.munged \
--merge-alleles /home/lchang24/projects/def-gsarah/lchang24/github/nf-genetic-correlations_fork/nf-genetic-correlations/data/ld_reference/w_hm3.snplist \
--N 19773.0 \
--a1 A1 \
--a2 A2 \
--snp SNP \
--sumstats /home/lchang24/scratch/test_merge_diagnosis/PDnp_females.lava.filtered.gz \
--ignore N \
--p P 

Interpreting column names as follows:
A1:	Allele 1, interpreted as ref allele for signed sumstat.
P:	p-Value
BETA:	Directional summary statistic as specified by --signed-sumstats.
A2:	Allele 2, interpreted as non-ref allele for signed sumstat.
SNP:	Variant ID (e.g., rs number)

Reading list of SNPs for allele merge from /home/lchang24/projects/def-gsarah/lchang24/github/nf-genetic-correlations_fork/nf-genetic-correlations/data/ld_reference/w_hm3.snplist
Read 1217311 SNPs for allele merge.
Reading sumstats from /home/lchang24/scratch/test_merge_diagnosis/PDnp_females.lava.filtered.gz into memory 5000000 SNPs at a time.
. done
Read 1168365 SNPs from --sumstats file.
Removed 0 SNPs not in --merge-alleles.
Removed 0 SNPs with missing values.
Removed 0 SNPs with INFO <= 0.9.
Removed 0 SNPs with MAF <= 0.01.
Removed 0 SNPs with out-of-bounds p-values.
Removed 0 variants that were not SNPs or were strand-ambiguous.
1168365 SNPs remain.
Removed 0 SNPs with duplicated rs numbers (1168365 SNPs remain).
Using N = 19773.0
Median value of SIGNED_SUMSTATS was 0.0001, which seems sensible.
Removed 1 SNPs whose alleles did not match --merge-alleles (1168364 SNPs remain).
Writing summary statistics for 1217311 SNPs (1168364 with nonmissing beta) to /home/lchang24/scratch/test_merge_diagnosis/PDnp_females.munged.sumstats.gz.

Metadata:
Mean chi^2 = 1.075
Lambda GC = 1.053
Max chi^2 = 116.228
180 Genome-wide significant SNPs (some may have been removed by filtering).

Conversion finished at Fri Oct 10 22:30:26 2025
Total time elapsed: 5.0h:49.0m:55.59s

================================================
COMPLETED!
================================================
Output: /home/lchang24/scratch/test_merge_diagnosis/PDnp_females.munged.sumstats.gz
Log: /home/lchang24/scratch/test_merge_diagnosis/PDnp_females.munged.log
Finished at: Fri 10 Oct 2025 10:30:26 PM EDT

Output file:
-rw-r-----. 1 lchang24 lchang24 8.1M Oct 10 22:30 /home/lchang24/scratch/test_merge_diagnosis/PDnp_females.munged.sumstats.gz

Number of SNPs:
1217312

==========================================
Job completed at: Fri 10 Oct 2025 10:30:26 PM EDT
==========================================
