+ echo ==========================================
++ date
+ echo 'Job started at: Fri 10 Oct 2025 04:40:26 PM EDT'
+ echo 'Job ID: 50814524'
+ echo 'Node: nc30513'
+ echo ==========================================
+ echo ''
+ module load StdEnv/2023
+ '[' -z '' ']'
+ case "$-" in
+ __lmod_sh_dbg=x
+ '[' -n x ']'
+ set +x
Shell debugging temporarily silenced: export LMOD_SH_DBG_ON=1 for Lmod's output
Shell debugging restarted
+ unset __lmod_sh_dbg
+ return 0
+ module load apptainer/1.3.5
+ '[' -z '' ']'
+ case "$-" in
+ __lmod_sh_dbg=x
+ '[' -n x ']'
+ set +x
Shell debugging temporarily silenced: export LMOD_SH_DBG_ON=1 for Lmod's output
Shell debugging restarted
+ unset __lmod_sh_dbg
+ return 0
+ SIF_FILE=/home/lchang24/projects/def-gsarah/lchang24/github/nf-genetic-correlations_fork/nf-genetic-correlations/bin/ldsc_latest.sif
+ SNP_LIST_PATH=/home/lchang24/projects/def-gsarah/lchang24/github/nf-genetic-correlations_fork/nf-genetic-correlations/data/ld_reference/w_hm3.snplist
+ FILTERED_SUMSTATS=/home/lchang24/scratch/test_merge_diagnosis/PDnp_females.lava.filtered.gz
+ OUTPUT_DIR=/home/lchang24/scratch/test_merge_diagnosis
+ N=19773
+ mkdir -p /home/lchang24/scratch/test_merge_diagnosis
++ date
+ echo 'Starting munge with --merge-alleles at: Fri 10 Oct 2025 04:40:27 PM EDT'
+ echo 'Input: /home/lchang24/scratch/test_merge_diagnosis/PDnp_females.lava.filtered.gz'
+ echo 'Reference: /home/lchang24/projects/def-gsarah/lchang24/github/nf-genetic-correlations_fork/nf-genetic-correlations/data/ld_reference/w_hm3.snplist'
+ echo 'Sample size: 19773'
+ echo ''
+ OUTPUT_PREFIX=/home/lchang24/scratch/test_merge_diagnosis/PDnp_females.munged
+ echo 'Running munge_sumstats...'
+ apptainer exec --bind /home/lchang24:/home/lchang24 --bind /scratch:/scratch /home/lchang24/projects/def-gsarah/lchang24/github/nf-genetic-correlations_fork/nf-genetic-correlations/bin/ldsc_latest.sif munge_sumstats.py --sumstats /home/lchang24/scratch/test_merge_diagnosis/PDnp_females.lava.filtered.gz --out /home/lchang24/scratch/test_merge_diagnosis/PDnp_females.munged --merge-alleles /home/lchang24/projects/def-gsarah/lchang24/github/nf-genetic-correlations_fork/nf-genetic-correlations/data/ld_reference/w_hm3.snplist --N 19773 --ignore N --snp SNP --a1 A1 --a2 A2 --p P --signed-sumstats BETA,0
WARNING: While bind mounting '/lustre07/scratch:/scratch': destination is already in the mount point list

real	349m59.111s
user	348m3.361s
sys	0m2.030s
+ echo ''
+ echo ================================================
+ echo 'COMPLETED!'
+ echo ================================================
+ echo 'Output: /home/lchang24/scratch/test_merge_diagnosis/PDnp_females.munged.sumstats.gz'
+ echo 'Log: /home/lchang24/scratch/test_merge_diagnosis/PDnp_females.munged.log'
++ date
+ echo 'Finished at: Fri 10 Oct 2025 10:30:26 PM EDT'
+ echo ''
+ '[' -f /home/lchang24/scratch/test_merge_diagnosis/PDnp_females.munged.sumstats.gz ']'
+ echo 'Output file:'
+ ls -lh /home/lchang24/scratch/test_merge_diagnosis/PDnp_females.munged.sumstats.gz
+ echo ''
+ echo 'Number of SNPs:'
+ wc -l
+ zcat /home/lchang24/scratch/test_merge_diagnosis/PDnp_females.munged.sumstats.gz
+ echo ''
+ echo ==========================================
++ date
+ echo 'Job completed at: Fri 10 Oct 2025 10:30:26 PM EDT'
+ echo ==========================================
