==========================================
Array Job started at: Wed 15 Oct 2025 04:52:27 PM EDT
Job ID: 51060239
Array Task ID: 6
Node: nc31142
==========================================

==========================================
Processing: PDnp_males
Configuration: A1ref
Sample size: 24053
==========================================

Running with A1 as reference allele (--a1 A1 --a2 A2)
Starting at: Wed 15 Oct 2025 04:52:27 PM EDT

*********************************************************************
* LD Score Regression (LDSC)
* Version 1.0.1
* (C) 2014-2019 Brendan Bulik-Sullivan and Hilary Finucane
* Broad Institute of MIT and Harvard / MIT Department of Mathematics
* GNU General Public License v3
*********************************************************************
Call: 
./munge_sumstats.py \
--signed-sumstats BETA,0 \
--out /home/lchang24/scratch/munge_output/PDnp_males.A1ref.munged \
--merge-alleles /home/lchang24/projects/def-gsarah/lchang24/github/nf-genetic-correlations_fork/nf-genetic-correlations/data/ld_reference/w_hm3.snplist \
--chunksize 500000 \
--N 24053.0 \
--a1 A1 \
--a2 A2 \
--snp SNP \
--sumstats /home/lchang24/projects/def-gsarah/sumstats/kidney_neurodegen/PDnp_males.lava.gz \
--ignore N \
--p P 

Interpreting column names as follows:
A1:	Allele 1, interpreted as ref allele for signed sumstat.
P:	p-Value
BETA:	Directional summary statistic as specified by --signed-sumstats.
A2:	Allele 2, interpreted as non-ref allele for signed sumstat.
SNP:	Variant ID (e.g., rs number)

Reading list of SNPs for allele merge from /home/lchang24/projects/def-gsarah/lchang24/github/nf-genetic-correlations_fork/nf-genetic-correlations/data/ld_reference/w_hm3.snplist
Read 1217311 SNPs for allele merge.
Reading sumstats from /home/lchang24/projects/def-gsarah/sumstats/kidney_neurodegen/PDnp_males.lava.gz into memory 500000 SNPs at a time.
............... done
Read 7234141 SNPs from --sumstats file.
Removed 6067893 SNPs not in --merge-alleles.
Removed 0 SNPs with missing values.
Removed 0 SNPs with INFO <= 0.9.
Removed 0 SNPs with MAF <= 0.01.
Removed 0 SNPs with out-of-bounds p-values.
Removed 0 variants that were not SNPs or were strand-ambiguous.
1166248 SNPs remain.
Removed 0 SNPs with duplicated rs numbers (1166248 SNPs remain).
Using N = 24053.0
Median value of SIGNED_SUMSTATS was 0.0, which seems sensible.
Removed 1 SNPs whose alleles did not match --merge-alleles (1166247 SNPs remain).
Writing summary statistics for 1217311 SNPs (1166247 with nonmissing beta) to /home/lchang24/scratch/munge_output/PDnp_males.A1ref.munged.sumstats.gz.

Metadata:
Mean chi^2 = 1.115
Lambda GC = 1.085
Max chi^2 = 137.344
178 Genome-wide significant SNPs (some may have been removed by filtering).

Conversion finished at Wed Oct 15 16:53:15 2025
Total time elapsed: 45.89s

================================================
COMPLETED!
================================================
Output: /home/lchang24/scratch/munge_output/PDnp_males.A1ref.munged.sumstats.gz
Log: /home/lchang24/scratch/munge_output/PDnp_males.A1ref.munged.log
Finished at: Wed 15 Oct 2025 04:53:16 PM EDT

Output file:
-rw-r-----. 1 lchang24 lchang24 8.1M Oct 15 16:53 /home/lchang24/scratch/munge_output/PDnp_males.A1ref.munged.sumstats.gz

Number of SNPs:
1217312

==========================================
Array task 6 completed at: Wed 15 Oct 2025 04:53:16 PM EDT
==========================================
