+ echo ==========================================
++ date
+ echo 'Array Job started at: Wed 15 Oct 2025 04:52:27 PM EDT'
+ echo 'Job ID: 51060239'
+ echo 'Array Task ID: 0'
+ echo 'Node: nc11112'
+ echo ==========================================
+ echo ''
+ module load StdEnv/2023
+ '[' -z '' ']'
+ case "$-" in
+ __lmod_sh_dbg=x
+ '[' -n x ']'
+ set +x
Shell debugging temporarily silenced: export LMOD_SH_DBG_ON=1 for Lmod's output
Shell debugging restarted
+ unset __lmod_sh_dbg
+ return 0
+ module load apptainer/1.3.5
+ '[' -z '' ']'
+ case "$-" in
+ __lmod_sh_dbg=x
+ '[' -n x ']'
+ set +x
Shell debugging temporarily silenced: export LMOD_SH_DBG_ON=1 for Lmod's output
Shell debugging restarted
+ unset __lmod_sh_dbg
+ return 0
+ SIF_FILE=/home/lchang24/projects/def-gsarah/lchang24/github/nf-genetic-correlations_fork/nf-genetic-correlations/bin/ldsc_latest.sif
+ SNP_LIST_PATH=/home/lchang24/projects/def-gsarah/lchang24/github/nf-genetic-correlations_fork/nf-genetic-correlations/data/ld_reference/w_hm3.snplist
+ OUTPUT_DIR=/home/lchang24/scratch/munge_output
+ mkdir -p /home/lchang24/scratch/munge_output
+ SUMSTATS_FILES=("/home/lchang24/projects/def-gsarah/sumstats/kidney_neurodegen/PD_females.lava.gz" "/home/lchang24/projects/def-gsarah/sumstats/kidney_neurodegen/PD_females.lava.gz" "/home/lchang24/projects/def-gsarah/sumstats/kidney_neurodegen/PD_males.lava.gz" "/home/lchang24/projects/def-gsarah/sumstats/kidney_neurodegen/PD_males.lava.gz" "/home/lchang24/projects/def-gsarah/sumstats/kidney_neurodegen/PDnp_females.lava.gz" "/home/lchang24/projects/def-gsarah/sumstats/kidney_neurodegen/PDnp_females.lava.gz" "/home/lchang24/projects/def-gsarah/sumstats/kidney_neurodegen/PDnp_males.lava.gz" "/home/lchang24/projects/def-gsarah/sumstats/kidney_neurodegen/PDnp_males.lava.gz")
+ SAMPLE_SIZES=(104082 104082 110616 110616 19773 19773 24053 24053)
+ CONFIGS=("A1ref" "A1alt" "A1ref" "A1alt" "A1ref" "A1alt" "A1ref" "A1alt")
+ SUMSTATS=/home/lchang24/projects/def-gsarah/sumstats/kidney_neurodegen/PD_females.lava.gz
+ N=104082
+ CONFIG=A1ref
++ basename /home/lchang24/projects/def-gsarah/sumstats/kidney_neurodegen/PD_females.lava.gz .lava.gz
+ BASENAME=PD_females
+ echo ==========================================
+ echo 'Processing: PD_females'
+ echo 'Configuration: A1ref'
+ echo 'Sample size: 104082'
+ echo ==========================================
+ echo ''
+ OUTPUT_PREFIX=/home/lchang24/scratch/munge_output/PD_females.A1ref.munged
+ '[' A1ref == A1ref ']'
+ echo 'Running with A1 as reference allele (--a1 A1 --a2 A2)'
++ date
+ echo 'Starting at: Wed 15 Oct 2025 04:52:27 PM EDT'
+ echo ''
+ apptainer exec --bind /home/lchang24:/home/lchang24 --bind /scratch:/scratch /home/lchang24/projects/def-gsarah/lchang24/github/nf-genetic-correlations_fork/nf-genetic-correlations/bin/ldsc_latest.sif munge_sumstats.py --sumstats /home/lchang24/projects/def-gsarah/sumstats/kidney_neurodegen/PD_females.lava.gz --out /home/lchang24/scratch/munge_output/PD_females.A1ref.munged --merge-alleles /home/lchang24/projects/def-gsarah/lchang24/github/nf-genetic-correlations_fork/nf-genetic-correlations/data/ld_reference/w_hm3.snplist --N 104082 --ignore N --snp SNP --a1 A1 --a2 A2 --p P --signed-sumstats BETA,0 --chunksize 500000
WARNING: While bind mounting '/lustre07/scratch:/scratch': destination is already in the mount point list

real	0m46.310s
user	0m43.845s
sys	0m1.029s
+ echo ''
+ echo ================================================
+ echo 'COMPLETED!'
+ echo ================================================
+ echo 'Output: /home/lchang24/scratch/munge_output/PD_females.A1ref.munged.sumstats.gz'
+ echo 'Log: /home/lchang24/scratch/munge_output/PD_females.A1ref.munged.log'
++ date
+ echo 'Finished at: Wed 15 Oct 2025 04:53:14 PM EDT'
+ echo ''
+ '[' -f /home/lchang24/scratch/munge_output/PD_females.A1ref.munged.sumstats.gz ']'
+ echo 'Output file:'
+ ls -lh /home/lchang24/scratch/munge_output/PD_females.A1ref.munged.sumstats.gz
+ echo ''
+ echo 'Number of SNPs:'
+ wc -l
+ zcat /home/lchang24/scratch/munge_output/PD_females.A1ref.munged.sumstats.gz
+ echo ''
+ echo ==========================================
++ date
+ echo 'Array task 0 completed at: Wed 15 Oct 2025 04:53:14 PM EDT'
+ echo ==========================================
